#
# A fatal error has been detected by the Java Runtime Environment:
#
#  EXCEPTION_ACCESS_VIOLATION (0xc0000005) at pc=0x000000006d942355, pid=4916, tid=4592
#
# JRE version: 6.0_18-b07
# Java VM: Java HotSpot(TM) 64-Bit Server VM (16.0-b13 mixed mode windows-amd64 )
# Problematic frame:
# V  [jvm.dll+0xb2355]
#
# If you would like to submit a bug report, please visit:
#   http://java.sun.com/webapps/bugreport/crash.jsp
#

---------------  T H R E A D  ---------------

Current thread (0x000000003a96e000):  JavaThread "CompilerThread0" daemon [_thread_in_native, id=4592, stack(0x000000003b600000,0x000000003b700000)]

siginfo: ExceptionCode=0xc0000005, reading address 0x0000000000000000

Registers:
EAX=0x0000000000000000, EBX=0x00000000446e1bf0, ECX=0x0000000043e8aeb8, EDX=0x00000000446d1d50
ESP=0x000000003b6fca20, EBP=0x0000000000000000, ESI=0x0000000043e8aeb8, EDI=0x00000000444a0f10
EIP=0x000000006d942355, EFLAGS=0x0000000000010246

Top of Stack: (sp=0x000000003b6fca20)
0x000000003b6fca20:   00000000446d3790 000000006de96bc8
0x000000003b6fca30:   0000000044158e10 00000000444a4280
0x000000003b6fca40:   0000000200000025 00000000444a0f10
0x000000003b6fca50:   0000000000000050 0000000000000128
0x000000003b6fca60:   0000000000000000 0000000000000000
0x000000003b6fca70:   0000000000000000 0000000000000000
0x000000003b6fca80:   000000003bdff148 0000000043c04068
0x000000003b6fca90:   000000003bdfed70 000000003b6fcdf0
0x000000003b6fcaa0:   000000003bdfed60 000000006d944c07
0x000000003b6fcab0:   000000000000000a 0000000000000901
0x000000003b6fcac0:   000000003b6ff060 0000000000000950
0x000000003b6fcad0:   000000003bdfed60 00000000446d1d40
0x000000003b6fcae0:   00000000446f2d50 00000000446f2d50
0x000000003b6fcaf0:   000000003bdff148 000000003bdfed70
0x000000003b6fcb00:   000000000000000b 000000003b6ff060
0x000000003b6fcb10:   000000004464dd50 0000000077d6e300 

Instructions: (pc=0x000000006d942355)
0x000000006d942345:   48 89 43 18 48 8b 06 ff 90 80 00 00 00 48 8b e8
0x000000006d942355:   8b 08 21 4b 38 8b 48 04 21 4b 3c 8b 48 08 21 4b 


Stack: [0x000000003b600000,0x000000003b700000],  sp=0x000000003b6fca20,  free space=3f20000000000000000k
Native frames: (J=compiled Java code, j=interpreted, Vv=VM code, C=native code)
V  [jvm.dll+0xb2355]

[error occurred during error reporting (printing native stack), id 0xc0000005]


Current CompileTask:
C2: 31% !   canreg.common.qualitycontrol.CheckDateOfLastContact.performCheck(Ljava/util/Map;)Lcanreg/common/qualitycontrol/CheckResult; @ 69 (440 bytes)


---------------  P R O C E S S  ---------------

Java Threads: ( => current thread )
  0x000000003a9fc000 JavaThread "RMI TCP Connection(6)-10.10.120.104" daemon [_thread_in_native, id=2212, stack(0x000000003c000000,0x000000003c100000)]
  0x000000003bc29000 JavaThread "pool-1-thread-2" [_thread_in_vm, id=3636, stack(0x0000000042d00000,0x0000000042e00000)]
  0x000000003bc2b000 JavaThread "Swing-Shell" daemon [_thread_blocked, id=3924, stack(0x0000000041a30000,0x0000000041b30000)]
  0x000000003bc29800 JavaThread "RMI RenewClean-[10.10.120.104:4922]" daemon [_thread_blocked, id=3068, stack(0x000000003d320000,0x000000003d420000)]
  0x000000003a9fc800 JavaThread "RMI Scheduler(0)" daemon [_thread_blocked, id=3860, stack(0x000000003c970000,0x000000003ca70000)]
  0x000000003bc28800 JavaThread "derby.rawStoreDaemon" daemon [_thread_blocked, id=3604, stack(0x0000000041830000,0x0000000041930000)]
  0x000000003bc27800 JavaThread "Timer-0" daemon [_thread_blocked, id=4296, stack(0x0000000041730000,0x0000000041830000)]
  0x000000003bc26000 JavaThread "derby.antiGC" daemon [_thread_blocked, id=5028, stack(0x0000000041630000,0x0000000041730000)]
  0x000000003aa03000 JavaThread "GC Daemon" daemon [_thread_blocked, id=3692, stack(0x0000000041530000,0x0000000041630000)]
  0x000000003aa02800 JavaThread "RMI Reaper" [_thread_blocked, id=4760, stack(0x0000000041430000,0x0000000041530000)]
  0x000000003aa01800 JavaThread "RMI TCP Accept-0" daemon [_thread_in_native, id=4764, stack(0x0000000041330000,0x0000000041430000)]
  0x000000003aa01000 JavaThread "RMI TCP Accept-1199" daemon [_thread_in_native, id=856, stack(0x0000000041230000,0x0000000041330000)]
  0x000000003a9ff800 JavaThread "pool-1-thread-1" [_thread_blocked, id=4632, stack(0x000000003ea50000,0x000000003eb50000)]
  0x000000003aa00000 JavaThread "D3D Screen Updater" daemon [_thread_blocked, id=4776, stack(0x000000003eb70000,0x000000003ec70000)]
  0x000000003a9fe800 JavaThread "TimerQueue" daemon [_thread_blocked, id=3236, stack(0x000000003e8c0000,0x000000003e9c0000)]
  0x0000000001d94000 JavaThread "DestroyJavaVM" [_thread_blocked, id=3504, stack(0x0000000001e50000,0x0000000001f50000)]
  0x000000003bc5e800 JavaThread "AWT-EventQueue-0" [_thread_in_Java, id=3912, stack(0x000000003c540000,0x000000003c640000)]
  0x000000003bb7f800 JavaThread "AWT-Windows" daemon [_thread_in_native, id=4224, stack(0x000000003c380000,0x000000003c480000)]
  0x000000003bb7f000 JavaThread "AWT-Shutdown" [_thread_blocked, id=4312, stack(0x000000003c280000,0x000000003c380000)]
  0x000000003bb7d800 JavaThread "Java2D Disposer" daemon [_thread_blocked, id=3372, stack(0x000000003c180000,0x000000003c280000)]
  0x000000003a974000 JavaThread "Low Memory Detector" daemon [_thread_blocked, id=2412, stack(0x000000003b800000,0x000000003b900000)]
  0x000000003a971800 JavaThread "CompilerThread1" daemon [_thread_blocked, id=4536, stack(0x000000003b700000,0x000000003b800000)]
=>0x000000003a96e000 JavaThread "CompilerThread0" daemon [_thread_in_native, id=4592, stack(0x000000003b600000,0x000000003b700000)]
  0x000000003a954000 JavaThread "JDWP Command Reader" daemon [_thread_in_native, id=4596, stack(0x000000003b500000,0x000000003b600000)]
  0x000000003a953800 JavaThread "JDWP Event Helper Thread" daemon [_thread_blocked, id=3224, stack(0x000000003b400000,0x000000003b500000)]
  0x000000003a949000 JavaThread "JDWP Transport Listener: dt_shmem" daemon [_thread_blocked, id=3820, stack(0x000000003b300000,0x000000003b400000)]
  0x000000003a93d800 JavaThread "Attach Listener" daemon [_thread_blocked, id=1280, stack(0x000000003b1f0000,0x000000003b2f0000)]
  0x000000003a93d000 JavaThread "Signal Dispatcher" daemon [_thread_blocked, id=4748, stack(0x000000003b0f0000,0x000000003b1f0000)]
  0x000000003a8e6800 JavaThread "Finalizer" daemon [_thread_blocked, id=3624, stack(0x000000003aff0000,0x000000003b0f0000)]
  0x000000003a8e0000 JavaThread "Reference Handler" daemon [_thread_blocked, id=4040, stack(0x000000003aef0000,0x000000003aff0000)]

Other Threads:
  0x0000000001e4f800 VMThread [stack: 0x000000003adf0000,0x000000003aef0000] [id=3808]
  0x000000003a978800 WatcherThread [stack: 0x000000003b900000,0x000000003ba00000] [id=3888]

VM state:not at safepoint (normal execution)

VM Mutex/Monitor currently owned by a thread:  ([mutex/lock_event])
[0x0000000001d8fcd0] Safepoint_lock - owner thread: 0x0000000001e4f800
[0x0000000001d8fd50] Threads_lock - owner thread: 0x0000000000000000

Heap
 PSYoungGen      total 243776K, used 213540K [0x000000002a410000, 0x000000003a3d0000, 0x000000003a410000)
  eden space 225408K, 90% used [0x000000002a410000,0x0000000036a89060,0x0000000038030000)
  from space 18368K, 56% used [0x0000000038030000,0x0000000038a40048,0x0000000039220000)
  to   space 18112K, 0% used [0x0000000039220000,0x0000000039220000,0x000000003a3d0000)
 PSOldGen        total 524288K, used 51748K [0x000000000a410000, 0x000000002a410000, 0x000000002a410000)
  object space 524288K, 9% used [0x000000000a410000,0x000000000d699030,0x000000002a410000)
 PSPermGen       total 86016K, used 76566K [0x0000000005010000, 0x000000000a410000, 0x000000000a410000)
  object space 86016K, 89% used [0x0000000005010000,0x0000000009ad5b40,0x000000000a410000)

Dynamic libraries:
0x0000000000400000 - 0x000000000042e000 	C:\Program Files\Java\jdk1.6.0_18\jre\bin\java.exe
0x0000000077ec0000 - 0x0000000077ffb000 	C:\WINDOWS\system32\ntdll.dll
0x0000000077d40000 - 0x0000000077eb3000 	C:\WINDOWS\system32\kernel32.dll
0x000007ff7fee0000 - 0x000007ff7ffe6000 	C:\WINDOWS\system32\ADVAPI32.dll
0x000007ff7fd30000 - 0x000007ff7fec9000 	C:\WINDOWS\system32\RPCRT4.dll
0x000007ff7e9c0000 - 0x000007ff7e9e2000 	C:\WINDOWS\system32\Secur32.dll
0x000000006d890000 - 0x000000006df35000 	C:\Program Files\Java\jdk1.6.0_18\jre\bin\server\jvm.dll
0x0000000077c20000 - 0x0000000077d2c000 	C:\WINDOWS\system32\USER32.dll
0x000007ff7fc90000 - 0x000007ff7fd2c000 	C:\WINDOWS\system32\GDI32.dll
0x000007ff7e240000 - 0x000007ff7e290000 	C:\WINDOWS\system32\WINMM.dll
0x000007ff7fc00000 - 0x000007ff7fc86000 	C:\WINDOWS\system32\msvcrt.dll
0x000007ff7d500000 - 0x000007ff7d539000 	C:\WINDOWS\system32\IMM32.DLL
0x000000006d800000 - 0x000000006d80e000 	C:\Program Files\Java\jdk1.6.0_18\jre\bin\verify.dll
0x000000006d450000 - 0x000000006d477000 	C:\Program Files\Java\jdk1.6.0_18\jre\bin\java.dll
0x000000006d3b0000 - 0x000000006d3ba000 	C:\Program Files\Java\jdk1.6.0_18\jre\bin\hpi.dll
0x000007ff7e380000 - 0x000007ff7e390000 	C:\WINDOWS\system32\PSAPI.DLL
0x000000006d4c0000 - 0x000000006d4f4000 	C:\Program Files\Java\jdk1.6.0_18\jre\bin\jdwp.dll
0x000000006d6d0000 - 0x000000006d6d8000 	C:\Program Files\Java\jdk1.6.0_18\jre\bin\npt.dll
0x000000006d850000 - 0x000000006d862000 	C:\Program Files\Java\jdk1.6.0_18\jre\bin\zip.dll
0x000000006d300000 - 0x000000006d30a000 	C:\Program Files\Java\jdk1.6.0_18\jre\bin\dt_shmem.dll
0x000000006d0a0000 - 0x000000006d262000 	C:\Program Files\Java\jdk1.6.0_18\jre\bin\awt.dll
0x000007ff78f10000 - 0x000007ff78f51000 	C:\WINDOWS\system32\WINSPOOL.DRV
0x000007ff57140000 - 0x000007ff573c5000 	C:\WINDOWS\system32\ole32.dll
0x000007ff7f190000 - 0x000007ff7fb9b000 	C:\WINDOWS\system32\SHELL32.dll
0x000007ff7ef60000 - 0x000007ff7effb000 	C:\WINDOWS\system32\SHLWAPI.dll
0x000007ff7f000000 - 0x000007ff7f187000 	C:\WINDOWS\WinSxS\AMD64_Microsoft.Windows.Common-Controls_6595b64144ccf1df_6.0.3790.3959_x-ww_0A7B2435\COMCTL32.dll
0x000007ff77230000 - 0x000007ff772af000 	C:\WINDOWS\system32\uxtheme.dll
0x000007ff7a410000 - 0x000007ff7a4af000 	C:\WINDOWS\system32\MSCTF.dll
0x000007ff7ce50000 - 0x000007ff7ce91000 	C:\WINDOWS\system32\apphelp.dll
0x000007ff58af0000 - 0x000007ff58b4c000 	C:\WINDOWS\system32\msctfime.ime
0x000000006d340000 - 0x000000006d3ab000 	C:\Program Files\Java\jdk1.6.0_18\jre\bin\fontmanager.dll
0x000000006d6a0000 - 0x000000006d6b7000 	C:\Program Files\Java\jdk1.6.0_18\jre\bin\net.dll
0x000007ff77310000 - 0x000007ff77340000 	C:\WINDOWS\system32\WS2_32.dll
0x000007ff77140000 - 0x000007ff7714c000 	C:\WINDOWS\system32\WS2HELP.dll
0x000000006d6c0000 - 0x000000006d6cb000 	C:\Program Files\Java\jdk1.6.0_18\jre\bin\nio.dll
0x000007ff72a60000 - 0x000007ff72c6a000 	C:\WINDOWS\system32\d3d9.dll
0x000007ff72c90000 - 0x000007ff72c96000 	C:\WINDOWS\system32\d3d8thk.dll
0x000007ff7fbf0000 - 0x000007ff7fbfb000 	C:\WINDOWS\system32\VERSION.dll
0x000000003c650000 - 0x000000003c73a000 	C:\WINDOWS\system32\msvcp60.dll
0x0000000068000000 - 0x000000006804c000 	C:\WINDOWS\system32\rsaenh.dll
0x000007ff7c680000 - 0x000007ff7c78a000 	C:\WINDOWS\system32\USERENV.dll
0x000007ff77370000 - 0x000007ff77409000 	C:\WINDOWS\system32\netapi32.dll
0x000007ff771b0000 - 0x000007ff7722d000 	C:\WINDOWS\System32\mswsock.dll
0x000007ff7e8f0000 - 0x000007ff7e93e000 	C:\WINDOWS\system32\DNSAPI.dll
0x000007ff7e9f0000 - 0x000007ff7e9fb000 	C:\WINDOWS\System32\winrnr.dll
0x000007ff7e950000 - 0x000007ff7e9b6000 	C:\WINDOWS\system32\WLDAP32.dll
0x000007ff7ea00000 - 0x000007ff7ea07000 	C:\WINDOWS\system32\rasadhlp.dll
0x000007ff6d200000 - 0x000007ff6d293000 	C:\WINDOWS\system32\hnetcfg.dll
0x000007ff77170000 - 0x000007ff7717b000 	C:\WINDOWS\System32\wshtcpip.dll
0x000000006d5e0000 - 0x000000006d5ea000 	C:\Program Files\Java\jdk1.6.0_18\jre\bin\management.dll
0x000000006d740000 - 0x000000006d746000 	C:\Program Files\Java\jdk1.6.0_18\jre\bin\rmi.dll
0x000007ff7dac0000 - 0x000007ff7dc38000 	C:\WINDOWS\system32\SETUPAPI.dll
0x000007ff7ea10000 - 0x000007ff7eaee000 	C:\WINDOWS\system32\CLBCatQ.DLL
0x000007ff7ebc0000 - 0x000007ff7ecd6000 	C:\WINDOWS\system32\OLEAUT32.dll
0x000007ff7eaf0000 - 0x000007ff7ebb6000 	C:\WINDOWS\system32\COMRes.dll
0x0000000041b80000 - 0x0000000041b9c000 	C:\Documents and Settings\ervikm\Application Data\Dropbox\bin\DropboxExt64.13.dll
0x000007ff724e0000 - 0x000007ff7261e000 	C:\WINDOWS\system32\dbghelp.dll
0x000007ff7da40000 - 0x000007ff7dab3000 	C:\WINDOWS\System32\cscui.dll
0x000007ff7da10000 - 0x000007ff7da3c000 	C:\WINDOWS\System32\CSCDLL.dll
0x0000000041ca0000 - 0x0000000041cbb000 	C:\Program Files\Common Files\TortoiseOverlays\TortoiseOverlays.dll
0x0000000180000000 - 0x0000000180078000 	C:\Program Files\TortoiseHg\THgShell.dll
0x0000000041f40000 - 0x0000000042207000 	C:\WINDOWS\system32\xpsp2res.dll
0x0000000058400000 - 0x00000000584ce000 	C:\Program Files (x86)\OpenOffice.org 3\Basis\program\shlxthdl\shlxthdl_x64.dll
0x000007ff76470000 - 0x000007ff7668c000 	C:\WINDOWS\WinSxS\amd64_Microsoft.Windows.GdiPlus_6595b64144ccf1df_1.0.6001.22319_x-ww_22BEA8BF\gdiplus.dll
0x0000000078620000 - 0x00000000786bd000 	C:\WINDOWS\WinSxS\amd64_Microsoft.VC90.CRT_1fc8b3b9a1e18e3b_9.0.21022.8_x-ww_0296E955\MSVCR90.dll
0x0000000078520000 - 0x00000000785f3000 	C:\WINDOWS\WinSxS\amd64_Microsoft.VC90.CRT_1fc8b3b9a1e18e3b_9.0.21022.8_x-ww_0296E955\MSVCP90.dll
0x000007ff772d0000 - 0x000007ff772f1000 	C:\WINDOWS\system32\MPR.dll
0x000007ff7ccc0000 - 0x000007ff7ccca000 	C:\WINDOWS\System32\drprov.dll
0x000007ff649f0000 - 0x000007ff64a06000 	C:\WINDOWS\System32\ntlanman.dll
0x000007ff65140000 - 0x000007ff65164000 	C:\WINDOWS\System32\NETUI0.dll
0x000007ff650e0000 - 0x000007ff65138000 	C:\WINDOWS\System32\NETUI1.dll
0x000007ff77150000 - 0x000007ff77166000 	C:\WINDOWS\System32\SAMLIB.dll
0x000007ff7ceb0000 - 0x000007ff7cebd000 	C:\WINDOWS\System32\davclnt.dll
0x0000000042330000 - 0x00000000425de000 	C:\WINDOWS\system32\wpdshext.dll
0x00000000425e0000 - 0x000000004263b000 	C:\WINDOWS\system32\PortableDeviceApi.dll
0x000007ff7e3e0000 - 0x000007ff7e42e000 	C:\WINDOWS\system32\WINTRUST.dll
0x000007ff7d370000 - 0x000007ff7d4cf000 	C:\WINDOWS\system32\CRYPT32.dll
0x000007ff7d340000 - 0x000007ff7d36c000 	C:\WINDOWS\system32\MSASN1.dll
0x000007ff7e470000 - 0x000007ff7e483000 	C:\WINDOWS\system32\imagehlp.dll
0x000007ff796c0000 - 0x000007ff796da000 	C:\WINDOWS\system32\shgina.dll
0x000007ff7c540000 - 0x000007ff7c667000 	C:\WINDOWS\system32\MSGINA.dll
0x000007ff7d4d0000 - 0x000007ff7d4ea000 	C:\WINDOWS\system32\WINSTA.dll
0x000007ff5ddf0000 - 0x000007ff5deb5000 	C:\WINDOWS\system32\wiashext.dll
0x000007ff4b220000 - 0x000007ff4b340000 	C:\WINDOWS\system32\WININET.dll
0x0000000042740000 - 0x000000004274a000 	C:\WINDOWS\system32\Normaliz.dll
0x000007ff4b350000 - 0x000007ff4b4c7000 	C:\WINDOWS\system32\urlmon.dll
0x000007ff4bdb0000 - 0x000007ff4bfef000 	C:\WINDOWS\system32\iertutil.dll
0x000007ff79570000 - 0x000007ff7959e000 	C:\WINDOWS\system32\sti.dll
0x000007ff7a990000 - 0x000007ff7a999000 	C:\WINDOWS\system32\CFGMGR32.dll
0x000007ff7df70000 - 0x000007ff7df7c000 	C:\WINDOWS\system32\LINKINFO.dll
0x000007ff7df80000 - 0x000007ff7dfb1000 	C:\WINDOWS\system32\ntshrui.dll

VM Arguments:
jvm_args: -Xdebug -Xrunjdwp:transport=dt_shmem,address=javadebug -Dfile.encoding=UTF-8 
java_command: canreg.client.CanRegClientApp
Launcher Type: SUN_STANDARD

Environment Variables:
CLASSPATH=.;C:\Program Files (x86)\Java\jre6\lib\ext\QTJava.zip
PATH=C:\WINDOWS\system32;C:\WINDOWS;C:\WINDOWS\System32\Wbem;c:\Program Files (x86)\Common Files\Roxio Shared\DLLShared\;c:\Program Files (x86)\Common Files\Roxio Shared\10.0\DLLShared\;C:\Program Files (x86)\ZipGenius 6\;C:\Program Files (x86)\Mercurial;C:\Program Files\TortoiseHg;C:\cygwin\bin;C:\Program Files (x86)\QuickTime\QTSystem\
USERNAME=ervikm
OS=Windows_NT
PROCESSOR_IDENTIFIER=EM64T Family 6 Model 26 Stepping 5, GenuineIntel



---------------  S Y S T E M  ---------------

OS: Windows Server 2003 family Build 3790 Service Pack 2

CPU:total 2 (8 cores per cpu, 2 threads per core) family 6 model 26 stepping 5, cmov, cx8, fxsr, mmx, sse, sse2, sse3, ssse3, sse4.1, sse4.2, popcnt, ht

Memory: 4k page, physical 3143048k(577736k free), swap 5046516k(2152168k free)

vm_info: Java HotSpot(TM) 64-Bit Server VM (16.0-b13) for windows-amd64 JRE (1.6.0_18-b07), built on Dec 17 2009 13:24:11 by "java_re" with MS VC++ 8.0 (VS2005)

time: Wed Apr 07 15:22:58 2010
elapsed time: 1495 seconds

