#
# A fatal error has been detected by the Java Runtime Environment:
#
#  EXCEPTION_ACCESS_VIOLATION (0xc0000005) at pc=0x000000006dc87ad0, pid=1016, tid=3272
#
# JRE version: 6.0_18-b07
# Java VM: Java HotSpot(TM) 64-Bit Server VM (16.0-b13 mixed mode windows-amd64 )
# Problematic frame:
# V  [jvm.dll+0x3f7ad0]
#
# If you would like to submit a bug report, please visit:
#   http://java.sun.com/webapps/bugreport/crash.jsp
#

---------------  T H R E A D  ---------------

Current thread (0x0000000001db6800):  GCTaskThread [stack: 0x000000004a7a0000,0x000000004a8a0000] [id=3272]

siginfo: ExceptionCode=0xc0000005, reading address 0x0000001b000000b1

Registers:
EAX=0x0000001b00000011, EBX=0x000000000f0eade0, ECX=0x00000000410b91d8, EDX=0x00000000410b78b0
ESP=0x000000004a89fc40, EBP=0x000000004a4606d6, ESI=0x0000000001d93a40, EDI=0x00000000410b78b0
EIP=0x000000006dc87ad0, EFLAGS=0x0000000000010246

Top of Stack: (sp=0x000000004a89fc40)
0x000000004a89fc40:   000000004608e0f8 0000000000000004
0x000000004a89fc50:   0000000001d93a40 00000000410b79e0
0x000000004a89fc60:   0000000046088000 0000000000001000
0x000000004a89fc70:   000000000f116de8 0000000000000400
0x000000004a89fc80:   0000000000000000 0000000001da7500
0x000000004a89fc90:   000000000000000c 0000000001d93a40
0x000000004a89fca0:   000000004a4606d7 000000000f0eae00
0x000000004a89fcb0:   000000004a4606d6 000000006dc89366
0x000000004a89fcc0:   0000000045eb0000 0000000000000009
0x000000004a89fcd0:   0000000000000001 000000000f0eade0
0x000000004a89fce0:   000000000f0eade0 0000000000000001
0x000000004a89fcf0:   0000000000000000 0000000000000000
0x000000004a89fd00:   0000000000000000 0000000000000000
0x000000004a89fd10:   0000000000000000 000000000f0eadd8
0x000000004a89fd20:   0000000000000000 000000006da7bbb5
0x000000004a89fd30:   000000000f0eadd8 0000000000000000 

Instructions: (pc=0x000000006dc87ad0)
0x000000006dc87ac0:   07 48 c1 e8 03 eb 0f 49 8b 00 48 8b d7 49 8b c8
0x000000006dc87ad0:   ff 90 a0 00 00 00 48 63 e8 41 0f b6 c5 f6 d0 a8 


Stack: [0x000000004a7a0000,0x000000004a8a0000],  sp=0x000000004a89fc40,  free space=3ff0000000000000000k
Native frames: (J=compiled Java code, j=interpreted, Vv=VM code, C=native code)
V  [jvm.dll+0x3f7ad0]


---------------  P R O C E S S  ---------------

Java Threads: ( => current thread )
  0x0000000053b9b000 JavaThread "RMI TCP Connection(idle)" daemon [_thread_blocked, id=2880, stack(0x000000004ea70000,0x000000004eb70000)]
  0x000000004dab3800 JavaThread "pool-1-thread-2" [_thread_in_native, id=4924, stack(0x0000000050c10000,0x0000000050d10000)]
  0x000000004dab2800 JavaThread "Swing-Shell" daemon [_thread_blocked, id=4388, stack(0x000000004f7e0000,0x000000004f8e0000)]
  0x000000004daaf000 JavaThread "RMI TCP Connection(2)-10.10.120.104" daemon [_thread_blocked, id=3712, stack(0x000000004e1f0000,0x000000004e2f0000)]
  0x000000004dab1000 JavaThread "RMI RenewClean-[10.10.120.104:3312]" daemon [_thread_blocked, id=3756, stack(0x000000004d0f0000,0x000000004d1f0000)]
  0x000000004dab0800 JavaThread "RMI Scheduler(0)" daemon [_thread_blocked, id=4292, stack(0x000000004c740000,0x000000004c840000)]
  0x000000004daae000 JavaThread "derby.rawStoreDaemon" daemon [_thread_blocked, id=4236, stack(0x000000004f5e0000,0x000000004f6e0000)]
  0x000000004daad800 JavaThread "Timer-0" daemon [_thread_blocked, id=3908, stack(0x000000004f4e0000,0x000000004f5e0000)]
  0x000000004daad000 JavaThread "derby.antiGC" daemon [_thread_blocked, id=4732, stack(0x000000004f3e0000,0x000000004f4e0000)]
  0x000000004daac000 JavaThread "GC Daemon" daemon [_thread_blocked, id=4632, stack(0x000000004f2e0000,0x000000004f3e0000)]
  0x000000004daab800 JavaThread "RMI Reaper" [_thread_blocked, id=4124, stack(0x000000004f1e0000,0x000000004f2e0000)]
  0x000000004daaa800 JavaThread "RMI TCP Accept-0" daemon [_thread_in_native, id=4552, stack(0x000000004f0e0000,0x000000004f1e0000)]
  0x000000004daaa000 JavaThread "RMI TCP Accept-1199" daemon [_thread_in_native, id=2364, stack(0x000000004efe0000,0x000000004f0e0000)]
  0x000000004daa8800 JavaThread "pool-1-thread-1" [_thread_blocked, id=4452, stack(0x000000004e820000,0x000000004e920000)]
  0x000000004daa9000 JavaThread "D3D Screen Updater" daemon [_thread_blocked, id=3240, stack(0x000000004e940000,0x000000004ea40000)]
  0x000000004daa7000 JavaThread "TimerQueue" daemon [_thread_blocked, id=1296, stack(0x000000004e690000,0x000000004e790000)]
  0x0000000001d8d000 JavaThread "DestroyJavaVM" [_thread_blocked, id=4448, stack(0x0000000001e50000,0x0000000001f50000)]
  0x000000004bac6800 JavaThread "AWT-EventQueue-0" [_thread_blocked, id=3580, stack(0x000000004c310000,0x000000004c410000)]
  0x000000004ab8a000 JavaThread "AWT-Windows" daemon [_thread_in_native, id=3784, stack(0x000000004c150000,0x000000004c250000)]
  0x000000004b8cf000 JavaThread "AWT-Shutdown" [_thread_blocked, id=4312, stack(0x000000004c050000,0x000000004c150000)]
  0x000000004ba34000 JavaThread "Java2D Disposer" daemon [_thread_blocked, id=3820, stack(0x000000004bf50000,0x000000004c050000)]
  0x000000004aa2e800 JavaThread "Low Memory Detector" daemon [_thread_blocked, id=3292, stack(0x000000004b5d0000,0x000000004b6d0000)]
  0x000000004aa2d000 JavaThread "CompilerThread1" daemon [_thread_blocked, id=168, stack(0x000000004b4d0000,0x000000004b5d0000)]
  0x000000004aa24000 JavaThread "CompilerThread0" daemon [_thread_blocked, id=4680, stack(0x000000004b3d0000,0x000000004b4d0000)]
  0x000000004aa21800 JavaThread "Attach Listener" daemon [_thread_blocked, id=3812, stack(0x000000004b2d0000,0x000000004b3d0000)]
  0x000000004aa20800 JavaThread "Signal Dispatcher" daemon [_thread_blocked, id=4328, stack(0x000000004b1d0000,0x000000004b2d0000)]
  0x000000004a9bc000 JavaThread "Finalizer" daemon [_thread_blocked, id=4568, stack(0x000000004b0d0000,0x000000004b1d0000)]
  0x000000004a9b5800 JavaThread "Reference Handler" daemon [_thread_blocked, id=3960, stack(0x000000004afd0000,0x000000004b0d0000)]

Other Threads:
  0x0000000001e4f800 VMThread [stack: 0x000000004aed0000,0x000000004afd0000] [id=4724]
  0x000000004aa38800 WatcherThread [stack: 0x000000004b6d0000,0x000000004b7d0000] [id=3836]

=>0x0000000001db6800 (exited) GCTaskThread [stack: 0x000000004a7a0000,0x000000004a8a0000] [id=3272]

VM state:at safepoint (normal execution)

VM Mutex/Monitor currently owned by a thread:  ([mutex/lock_event])
[0x0000000001d8bcd0] Threads_lock - owner thread: 0x0000000001e4f800
[0x0000000001d8c1d0] Heap_lock - owner thread: 0x000000004bac6800

Heap
 PSYoungGen      total 205504K, used 205504K [0x0000000034ec0000, 0x00000000460a0000, 0x000000004a410000)
  eden space 202752K, 100% used [0x0000000034ec0000,0x00000000414c0000,0x00000000414c0000)
  from space 2752K, 100% used [0x0000000045c10000,0x0000000045ec0000,0x0000000045ec0000)
  to   space 1920K, 100% used [0x0000000045ec0000,0x00000000460a0000,0x00000000460a0000)
 PSOldGen        total 105664K, used 78979K [0x000000000a410000, 0x0000000010b40000, 0x0000000034ec0000)
  object space 105664K, 74% used [0x000000000a410000,0x000000000f130de8,0x0000000010b40000)
 PSPermGen       total 60160K, used 46712K [0x0000000005010000, 0x0000000008ad0000, 0x000000000a410000)
  object space 60160K, 77% used [0x0000000005010000,0x0000000007dae270,0x0000000008ad0000)

Dynamic libraries:
0x0000000000400000 - 0x000000000042e000 	C:\Program Files\Java\jdk1.6.0_18\jre\bin\java.exe
0x0000000077ec0000 - 0x0000000077ffb000 	C:\WINDOWS\system32\ntdll.dll
0x0000000077d40000 - 0x0000000077eb3000 	C:\WINDOWS\system32\kernel32.dll
0x000007ff7fee0000 - 0x000007ff7ffe6000 	C:\WINDOWS\system32\ADVAPI32.dll
0x000007ff7fd30000 - 0x000007ff7fed0000 	C:\WINDOWS\system32\RPCRT4.dll
0x000007ff7e9c0000 - 0x000007ff7e9e2000 	C:\WINDOWS\system32\Secur32.dll
0x000000006d890000 - 0x000000006df35000 	C:\Program Files\Java\jdk1.6.0_18\jre\bin\server\jvm.dll
0x0000000077c20000 - 0x0000000077d2c000 	C:\WINDOWS\system32\USER32.dll
0x000007ff7fc90000 - 0x000007ff7fd2c000 	C:\WINDOWS\system32\GDI32.dll
0x000007ff7e240000 - 0x000007ff7e290000 	C:\WINDOWS\system32\WINMM.dll
0x000007ff7fc00000 - 0x000007ff7fc86000 	C:\WINDOWS\system32\msvcrt.dll
0x000007ff7d500000 - 0x000007ff7d539000 	C:\WINDOWS\system32\IMM32.DLL
0x000000006d800000 - 0x000000006d80e000 	C:\Program Files\Java\jdk1.6.0_18\jre\bin\verify.dll
0x000000006d450000 - 0x000000006d477000 	C:\Program Files\Java\jdk1.6.0_18\jre\bin\java.dll
0x000000006d3b0000 - 0x000000006d3ba000 	C:\Program Files\Java\jdk1.6.0_18\jre\bin\hpi.dll
0x000007ff7e380000 - 0x000007ff7e390000 	C:\WINDOWS\system32\PSAPI.DLL
0x000000006d850000 - 0x000000006d862000 	C:\Program Files\Java\jdk1.6.0_18\jre\bin\zip.dll
0x000000006d0a0000 - 0x000000006d262000 	C:\Program Files\Java\jdk1.6.0_18\jre\bin\awt.dll
0x000007ff78f10000 - 0x000007ff78f51000 	C:\WINDOWS\system32\WINSPOOL.DRV
0x000007ff57140000 - 0x000007ff573c5000 	C:\WINDOWS\system32\ole32.dll
0x000007ff7f190000 - 0x000007ff7fb9c000 	C:\WINDOWS\system32\SHELL32.dll
0x000007ff7ef60000 - 0x000007ff7effb000 	C:\WINDOWS\system32\SHLWAPI.dll
0x000007ff7f000000 - 0x000007ff7f187000 	C:\WINDOWS\WinSxS\AMD64_Microsoft.Windows.Common-Controls_6595b64144ccf1df_6.0.3790.4770_x-ww_3807D667\COMCTL32.dll
0x000007ff77230000 - 0x000007ff772af000 	C:\WINDOWS\system32\uxtheme.dll
0x000007ff7a410000 - 0x000007ff7a4af000 	C:\WINDOWS\system32\MSCTF.dll
0x000007ff7ce50000 - 0x000007ff7ce91000 	C:\WINDOWS\system32\apphelp.dll
0x000007ff58af0000 - 0x000007ff58b4c000 	C:\WINDOWS\system32\msctfime.ime
0x000000006d340000 - 0x000000006d3ab000 	C:\Program Files\Java\jdk1.6.0_18\jre\bin\fontmanager.dll
0x000000006d6a0000 - 0x000000006d6b7000 	C:\Program Files\Java\jdk1.6.0_18\jre\bin\net.dll
0x000007ff77310000 - 0x000007ff77340000 	C:\WINDOWS\system32\WS2_32.dll
0x000007ff77140000 - 0x000007ff7714c000 	C:\WINDOWS\system32\WS2HELP.dll
0x000000006d6c0000 - 0x000000006d6cb000 	C:\Program Files\Java\jdk1.6.0_18\jre\bin\nio.dll
0x000007ff72a60000 - 0x000007ff72c6a000 	C:\WINDOWS\system32\d3d9.dll
0x000007ff72c90000 - 0x000007ff72c96000 	C:\WINDOWS\system32\d3d8thk.dll
0x000007ff7fbf0000 - 0x000007ff7fbfb000 	C:\WINDOWS\system32\VERSION.dll
0x000000004c420000 - 0x000000004c50a000 	C:\WINDOWS\system32\msvcp60.dll
0x0000000068000000 - 0x000000006804c000 	C:\WINDOWS\system32\rsaenh.dll
0x000007ff7c680000 - 0x000007ff7c78a000 	C:\WINDOWS\system32\USERENV.dll
0x000007ff77370000 - 0x000007ff77409000 	C:\WINDOWS\system32\netapi32.dll
0x000007ff771b0000 - 0x000007ff7722d000 	C:\WINDOWS\System32\mswsock.dll
0x000007ff7e8f0000 - 0x000007ff7e93e000 	C:\WINDOWS\system32\DNSAPI.dll
0x000007ff7e9f0000 - 0x000007ff7e9fb000 	C:\WINDOWS\System32\winrnr.dll
0x000007ff7e950000 - 0x000007ff7e9b6000 	C:\WINDOWS\system32\WLDAP32.dll
0x000007ff7ea00000 - 0x000007ff7ea07000 	C:\WINDOWS\system32\rasadhlp.dll
0x000007ff6d200000 - 0x000007ff6d293000 	C:\WINDOWS\system32\hnetcfg.dll
0x000007ff77170000 - 0x000007ff7717b000 	C:\WINDOWS\System32\wshtcpip.dll
0x000000006d5e0000 - 0x000000006d5ea000 	C:\Program Files\Java\jdk1.6.0_18\jre\bin\management.dll
0x000000006d740000 - 0x000000006d746000 	C:\Program Files\Java\jdk1.6.0_18\jre\bin\rmi.dll
0x000007ff7dac0000 - 0x000007ff7dc38000 	C:\WINDOWS\system32\SETUPAPI.dll
0x000007ff7ea10000 - 0x000007ff7eaee000 	C:\WINDOWS\system32\CLBCatQ.DLL
0x000007ff7ebc0000 - 0x000007ff7ecd6000 	C:\WINDOWS\system32\OLEAUT32.dll
0x000007ff7eaf0000 - 0x000007ff7ebb6000 	C:\WINDOWS\system32\COMRes.dll
0x000000004ed40000 - 0x000000004ed5c000 	C:\Documents and Settings\ervikm\Application Data\Dropbox\bin\DropboxExt64.13.dll
0x000007ff724e0000 - 0x000007ff7261e000 	C:\WINDOWS\system32\dbghelp.dll
0x000007ff7da40000 - 0x000007ff7dab3000 	C:\WINDOWS\System32\cscui.dll
0x000007ff7da10000 - 0x000007ff7da3c000 	C:\WINDOWS\System32\CSCDLL.dll
0x000000004fa60000 - 0x000000004fa7b000 	C:\Program Files\Common Files\TortoiseOverlays\TortoiseOverlays.dll
0x0000000180000000 - 0x0000000180078000 	C:\Program Files\TortoiseHg\THgShell.dll
0x000000004fd20000 - 0x000000004ffe7000 	C:\WINDOWS\system32\xpsp2res.dll
0x0000000058400000 - 0x00000000584cf000 	C:\Program Files (x86)\OpenOffice.org 3\Basis\program\shlxthdl\shlxthdl_x64.dll
0x000007ff76470000 - 0x000007ff7668c000 	C:\WINDOWS\WinSxS\amd64_Microsoft.Windows.GdiPlus_6595b64144ccf1df_1.0.6001.22319_x-ww_22BEA8BF\gdiplus.dll
0x0000000078620000 - 0x00000000786bd000 	C:\WINDOWS\WinSxS\amd64_Microsoft.VC90.CRT_1fc8b3b9a1e18e3b_9.0.21022.8_x-ww_0296E955\MSVCR90.dll
0x0000000078520000 - 0x00000000785f3000 	C:\WINDOWS\WinSxS\amd64_Microsoft.VC90.CRT_1fc8b3b9a1e18e3b_9.0.21022.8_x-ww_0296E955\MSVCP90.dll
0x000007ff772d0000 - 0x000007ff772f1000 	C:\WINDOWS\system32\MPR.dll
0x000007ff7ccc0000 - 0x000007ff7ccca000 	C:\WINDOWS\System32\drprov.dll
0x000007ff649f0000 - 0x000007ff64a06000 	C:\WINDOWS\System32\ntlanman.dll
0x000007ff65140000 - 0x000007ff65164000 	C:\WINDOWS\System32\NETUI0.dll
0x000007ff650e0000 - 0x000007ff65138000 	C:\WINDOWS\System32\NETUI1.dll
0x000007ff77150000 - 0x000007ff77166000 	C:\WINDOWS\System32\SAMLIB.dll
0x000007ff7ceb0000 - 0x000007ff7cebd000 	C:\WINDOWS\System32\davclnt.dll
0x0000000050100000 - 0x00000000503ae000 	C:\WINDOWS\system32\wpdshext.dll
0x00000000503b0000 - 0x000000005040b000 	C:\WINDOWS\system32\PortableDeviceApi.dll
0x000007ff7e3e0000 - 0x000007ff7e430000 	C:\WINDOWS\system32\WINTRUST.dll
0x000007ff7d370000 - 0x000007ff7d4cf000 	C:\WINDOWS\system32\CRYPT32.dll
0x000007ff7d340000 - 0x000007ff7d36c000 	C:\WINDOWS\system32\MSASN1.dll
0x000007ff7e470000 - 0x000007ff7e483000 	C:\WINDOWS\system32\imagehlp.dll
0x000007ff796c0000 - 0x000007ff796da000 	C:\WINDOWS\system32\shgina.dll
0x000007ff7c540000 - 0x000007ff7c667000 	C:\WINDOWS\system32\MSGINA.dll
0x000007ff7d4d0000 - 0x000007ff7d4ea000 	C:\WINDOWS\system32\WINSTA.dll
0x000007ff5ddf0000 - 0x000007ff5deb5000 	C:\WINDOWS\system32\wiashext.dll
0x000007ff4b220000 - 0x000007ff4b340000 	C:\WINDOWS\system32\WININET.dll
0x0000000050510000 - 0x000000005051a000 	C:\WINDOWS\system32\Normaliz.dll
0x000007ff4b350000 - 0x000007ff4b4c7000 	C:\WINDOWS\system32\urlmon.dll
0x000007ff4bdb0000 - 0x000007ff4bff0000 	C:\WINDOWS\system32\iertutil.dll
0x000007ff79570000 - 0x000007ff7959e000 	C:\WINDOWS\system32\sti.dll
0x000007ff7a990000 - 0x000007ff7a999000 	C:\WINDOWS\system32\CFGMGR32.dll
0x000007ff7df70000 - 0x000007ff7df7c000 	C:\WINDOWS\system32\LINKINFO.dll
0x000007ff7df80000 - 0x000007ff7dfb1000 	C:\WINDOWS\system32\ntshrui.dll

VM Arguments:
jvm_args: -Dfile.encoding=UTF-8 -Xms128m -Xmx1024m 
java_command: canreg.client.CanRegClientApp
Launcher Type: SUN_STANDARD

Environment Variables:
CLASSPATH=.;C:\Program Files (x86)\Java\jre6\lib\ext\QTJava.zip
PATH=C:\Python26\Lib\site-packages\PyQt4\bin;C:\Program Files (x86)\MiKTeX 2.8\miktex\bin;C:\WINDOWS\system32;C:\WINDOWS;C:\WINDOWS\System32\Wbem;c:\Program Files (x86)\Common Files\Roxio Shared\DLLShared\;c:\Program Files (x86)\Common Files\Roxio Shared\10.0\DLLShared\;C:\Program Files (x86)\ZipGenius 6\;C:\Program Files (x86)\Mercurial;C:\Program Files\TortoiseHg;C:\cygwin\bin;C:\Program Files (x86)\ImageConverter Plus;C:\Program Files (x86)\ImageConverter Plus\Microsoft.VC90.CRT;C:\Program Files (x86)\ImageConverter Plus\Microsoft.VC90.MFC;C:\Program Files (x86)\QuickTime\QTSystem\
USERNAME=ervikm
OS=Windows_NT
PROCESSOR_IDENTIFIER=EM64T Family 6 Model 26 Stepping 5, GenuineIntel



---------------  S Y S T E M  ---------------

OS: Windows Server 2003 family Build 3790 Service Pack 2

CPU:total 2 (8 cores per cpu, 2 threads per core) family 6 model 26 stepping 5, cmov, cx8, fxsr, mmx, sse, sse2, sse3, ssse3, sse4.1, sse4.2, popcnt, ht

Memory: 4k page, physical 3143048k(253196k free), swap 5046520k(2079004k free)

vm_info: Java HotSpot(TM) 64-Bit Server VM (16.0-b13) for windows-amd64 JRE (1.6.0_18-b07), built on Dec 17 2009 13:24:11 by "java_re" with MS VC++ 8.0 (VS2005)

time: Mon Nov 08 17:49:52 2010
elapsed time: 3366 seconds

