#
# A fatal error has been detected by the Java Runtime Environment:
#
#  EXCEPTION_ACCESS_VIOLATION (0xc0000005) at pc=0x000000006dc87a7f, pid=2648, tid=4256
#
# JRE version: 6.0_18-b07
# Java VM: Java HotSpot(TM) 64-Bit Server VM (16.0-b13 mixed mode windows-amd64 )
# Problematic frame:
# V  [jvm.dll+0x3f7a7f]
#
# If you would like to submit a bug report, please visit:
#   http://java.sun.com/webapps/bugreport/crash.jsp
#

---------------  T H R E A D  ---------------

Current thread (0x0000000001db7000):  GCTaskThread [stack: 0x000000004a8a0000,0x000000004a9a0000] [id=4256]

siginfo: ExceptionCode=0xc0000005, reading address 0xffffffffffffffff

Registers:
EAX=0x004c004d0049004a, EBX=0x0000000011720698, ECX=0x0000000001d93b40, EDX=0x0000000000000000
ESP=0x000000004a99fbc0, EBP=0x000000004a473883, ESI=0x0000000001d93b40, EDI=0x0000000049838220
EIP=0x000000006dc87a7f, EFLAGS=0x0000000000010246

Top of Stack: (sp=0x000000004a99fbc0)
0x000000004a99fbc0:   0000000049ff3830 0000000000000009
0x000000004a99fbd0:   0000000001d93b40 0000000035576678
0x000000004a99fbe0:   0000000049ff0000 0000000000001000
0x000000004a99fbf0:   00000000117526e0 0000000000000400
0x000000004a99fc00:   0000000000000000 0000000001da7500
0x000000004a99fc10:   000000000000000c 0000000001d93b40
0x000000004a99fc20:   000000004a473884 0000000011720800
0x000000004a99fc30:   000000004a473883 000000006dc89366
0x000000004a99fc40:   000000004a358000 000000000000000d
0x000000004a99fc50:   0000000000000001 0000000011720698
0x000000004a99fc60:   0000000011720698 0000000000000001
0x000000004a99fc70:   0000000000000000 0000000000000000
0x000000004a99fc80:   0000000000000000 0000000000000000
0x000000004a99fc90:   0000000000000000 0000000011720658
0x000000004a99fca0:   0000000000000000 000000006da7bbb5
0x000000004a99fcb0:   0000000011720658 0000000000000000 

Instructions: (pc=0x000000006dc87a7f)
0x000000006dc87a6f:   48 d3 e0 48 03 05 5f c0 21 00 eb 04 48 8b 47 08
0x000000006dc87a7f:   48 63 48 18 4c 8d 40 10 8b c1 c1 f8 03 85 c9 7f 


Stack: [0x000000004a8a0000,0x000000004a9a0000],  sp=0x000000004a99fbc0,  free space=3fe0000000000000000k
Native frames: (J=compiled Java code, j=interpreted, Vv=VM code, C=native code)
V  [jvm.dll+0x3f7a7f]


---------------  P R O C E S S  ---------------

Java Threads: ( => current thread )
  0x0000000053883800 JavaThread "RMI TCP Connection(idle)" daemon [_thread_blocked, id=4348, stack(0x000000004bde0000,0x000000004bee0000)]
  0x000000004d2a8000 JavaThread "pool-1-thread-2" [_thread_in_native, id=4540, stack(0x0000000050db0000,0x0000000050eb0000)]
  0x000000004d2a6000 JavaThread "Swing-Shell" daemon [_thread_blocked, id=4600, stack(0x000000004f7a0000,0x000000004f8a0000)]
  0x000000004d2a5000 JavaThread "RMI TCP Connection(2)-10.10.120.104" daemon [_thread_blocked, id=4104, stack(0x000000004f5a0000,0x000000004f6a0000)]
  0x000000004d2a4800 JavaThread "RMI RenewClean-[10.10.120.104:4527]" daemon [_thread_blocked, id=3096, stack(0x000000004f4a0000,0x000000004f5a0000)]
  0x000000004d2a3800 JavaThread "RMI Scheduler(0)" daemon [_thread_blocked, id=4612, stack(0x000000004f3a0000,0x000000004f4a0000)]
  0x000000004d2a2000 JavaThread "derby.rawStoreDaemon" daemon [_thread_blocked, id=3704, stack(0x000000004f2a0000,0x000000004f3a0000)]
  0x000000004d2a1800 JavaThread "Timer-0" daemon [_thread_blocked, id=4916, stack(0x000000004f1a0000,0x000000004f2a0000)]
  0x000000004d2a1000 JavaThread "derby.antiGC" daemon [_thread_blocked, id=3860, stack(0x000000004f0a0000,0x000000004f1a0000)]
  0x000000004d2a0000 JavaThread "GC Daemon" daemon [_thread_blocked, id=3888, stack(0x000000004efa0000,0x000000004f0a0000)]
  0x000000004d29f800 JavaThread "RMI Reaper" [_thread_blocked, id=512, stack(0x000000004eea0000,0x000000004efa0000)]
  0x000000004d29e800 JavaThread "RMI TCP Accept-0" daemon [_thread_in_native, id=4212, stack(0x000000004eda0000,0x000000004eea0000)]
  0x000000004d29e000 JavaThread "RMI TCP Accept-1199" daemon [_thread_in_native, id=4204, stack(0x000000004eca0000,0x000000004eda0000)]
  0x000000004d29d000 JavaThread "pool-1-thread-1" [_thread_blocked, id=3604, stack(0x000000004e690000,0x000000004e790000)]
  0x000000004d29b800 JavaThread "D3D Screen Updater" daemon [_thread_blocked, id=4860, stack(0x000000004e790000,0x000000004e890000)]
  0x000000004d29a800 JavaThread "TimerQueue" daemon [_thread_blocked, id=2492, stack(0x000000004e590000,0x000000004e690000)]
  0x0000000001d8d000 JavaThread "DestroyJavaVM" [_thread_blocked, id=3116, stack(0x0000000001e50000,0x0000000001f50000)]
  0x000000004ab96800 JavaThread "AWT-EventQueue-0" [_thread_blocked, id=2288, stack(0x000000004c320000,0x000000004c420000)]
  0x000000004ab8e000 JavaThread "AWT-Windows" daemon [_thread_in_native, id=4940, stack(0x000000004c160000,0x000000004c260000)]
  0x000000004ab8d800 JavaThread "AWT-Shutdown" [_thread_blocked, id=4620, stack(0x000000004c060000,0x000000004c160000)]
  0x000000004ab8c800 JavaThread "Java2D Disposer" daemon [_thread_blocked, id=2592, stack(0x000000004bf60000,0x000000004c060000)]
  0x000000004aa2e800 JavaThread "Low Memory Detector" daemon [_thread_blocked, id=4168, stack(0x000000004b5d0000,0x000000004b6d0000)]
  0x000000004aa2d000 JavaThread "CompilerThread1" daemon [_thread_blocked, id=3896, stack(0x000000004b4d0000,0x000000004b5d0000)]
  0x000000004aa24000 JavaThread "CompilerThread0" daemon [_thread_blocked, id=3612, stack(0x000000004b3d0000,0x000000004b4d0000)]
  0x000000004aa21800 JavaThread "Attach Listener" daemon [_thread_blocked, id=288, stack(0x000000004b2d0000,0x000000004b3d0000)]
  0x000000004aa20800 JavaThread "Signal Dispatcher" daemon [_thread_blocked, id=3856, stack(0x000000004b1d0000,0x000000004b2d0000)]
  0x000000004a9bc000 JavaThread "Finalizer" daemon [_thread_blocked, id=2340, stack(0x000000004b0d0000,0x000000004b1d0000)]
  0x000000004a9b5800 JavaThread "Reference Handler" daemon [_thread_blocked, id=4120, stack(0x000000004afd0000,0x000000004b0d0000)]

Other Threads:
  0x0000000001e4f800 VMThread [stack: 0x000000004aed0000,0x000000004afd0000] [id=2532]
  0x000000004aa38800 WatcherThread [stack: 0x000000004b6d0000,0x000000004b7d0000] [id=3716]

=>0x0000000001db7000 (exited) GCTaskThread [stack: 0x000000004a8a0000,0x000000004a9a0000] [id=4256]

VM state:at safepoint (normal execution)

VM Mutex/Monitor currently owned by a thread:  ([mutex/lock_event])
[0x0000000001d8bcd0] Threads_lock - owner thread: 0x0000000001e4f800
[0x0000000001d8c1d0] Heap_lock - owner thread: 0x000000004d2a5000

Heap
 PSYoungGen      total 346048K, used 345376K [0x0000000034ec0000, 0x000000004a410000, 0x000000004a410000)
  eden space 342592K, 100% used [0x0000000034ec0000,0x0000000049d50000,0x0000000049d50000)
  from space 3456K, 80% used [0x000000004a0b0000,0x000000004a368000,0x000000004a410000)
  to   space 3456K, 80% used [0x0000000049d50000,0x000000004a008000,0x000000004a0b0000)
 PSOldGen        total 121920K, used 118057K [0x000000000a410000, 0x0000000011b20000, 0x0000000034ec0000)
  object space 121920K, 96% used [0x000000000a410000,0x000000001175a6e0,0x0000000011b20000)
 PSPermGen       total 79488K, used 67041K [0x0000000005010000, 0x0000000009db0000, 0x000000000a410000)
  object space 79488K, 84% used [0x0000000005010000,0x0000000009188590,0x0000000009db0000)

Dynamic libraries:
0x0000000000400000 - 0x000000000042e000 	C:\Program Files\Java\jdk1.6.0_18\jre\bin\java.exe
0x0000000077ec0000 - 0x0000000077ffb000 	C:\WINDOWS\system32\ntdll.dll
0x0000000077d40000 - 0x0000000077eb3000 	C:\WINDOWS\system32\kernel32.dll
0x000007ff7fee0000 - 0x000007ff7ffe6000 	C:\WINDOWS\system32\ADVAPI32.dll
0x000007ff7fd30000 - 0x000007ff7fed0000 	C:\WINDOWS\system32\RPCRT4.dll
0x000007ff7e9c0000 - 0x000007ff7e9e2000 	C:\WINDOWS\system32\Secur32.dll
0x000000006d890000 - 0x000000006df35000 	C:\Program Files\Java\jdk1.6.0_18\jre\bin\server\jvm.dll
0x0000000077c20000 - 0x0000000077d2c000 	C:\WINDOWS\system32\USER32.dll
0x000007ff7fc90000 - 0x000007ff7fd2c000 	C:\WINDOWS\system32\GDI32.dll
0x000007ff7e240000 - 0x000007ff7e290000 	C:\WINDOWS\system32\WINMM.dll
0x000007ff7fc00000 - 0x000007ff7fc86000 	C:\WINDOWS\system32\msvcrt.dll
0x000007ff7d500000 - 0x000007ff7d539000 	C:\WINDOWS\system32\IMM32.DLL
0x000000006d800000 - 0x000000006d80e000 	C:\Program Files\Java\jdk1.6.0_18\jre\bin\verify.dll
0x000000006d450000 - 0x000000006d477000 	C:\Program Files\Java\jdk1.6.0_18\jre\bin\java.dll
0x000000006d3b0000 - 0x000000006d3ba000 	C:\Program Files\Java\jdk1.6.0_18\jre\bin\hpi.dll
0x000007ff7e380000 - 0x000007ff7e390000 	C:\WINDOWS\system32\PSAPI.DLL
0x000000006d850000 - 0x000000006d862000 	C:\Program Files\Java\jdk1.6.0_18\jre\bin\zip.dll
0x000000006d0a0000 - 0x000000006d262000 	C:\Program Files\Java\jdk1.6.0_18\jre\bin\awt.dll
0x000007ff78f10000 - 0x000007ff78f51000 	C:\WINDOWS\system32\WINSPOOL.DRV
0x000007ff57140000 - 0x000007ff573c5000 	C:\WINDOWS\system32\ole32.dll
0x000007ff7f190000 - 0x000007ff7fb9c000 	C:\WINDOWS\system32\SHELL32.dll
0x000007ff7ef60000 - 0x000007ff7effb000 	C:\WINDOWS\system32\SHLWAPI.dll
0x000007ff7f000000 - 0x000007ff7f187000 	C:\WINDOWS\WinSxS\AMD64_Microsoft.Windows.Common-Controls_6595b64144ccf1df_6.0.3790.4770_x-ww_3807D667\COMCTL32.dll
0x000007ff77230000 - 0x000007ff772af000 	C:\WINDOWS\system32\uxtheme.dll
0x000007ff7a410000 - 0x000007ff7a4af000 	C:\WINDOWS\system32\MSCTF.dll
0x000007ff7ce50000 - 0x000007ff7ce91000 	C:\WINDOWS\system32\apphelp.dll
0x000007ff58af0000 - 0x000007ff58b4c000 	C:\WINDOWS\system32\msctfime.ime
0x000000006d340000 - 0x000000006d3ab000 	C:\Program Files\Java\jdk1.6.0_18\jre\bin\fontmanager.dll
0x000000006d6a0000 - 0x000000006d6b7000 	C:\Program Files\Java\jdk1.6.0_18\jre\bin\net.dll
0x000007ff77310000 - 0x000007ff77340000 	C:\WINDOWS\system32\WS2_32.dll
0x000007ff77140000 - 0x000007ff7714c000 	C:\WINDOWS\system32\WS2HELP.dll
0x000000006d6c0000 - 0x000000006d6cb000 	C:\Program Files\Java\jdk1.6.0_18\jre\bin\nio.dll
0x000007ff72a60000 - 0x000007ff72c6a000 	C:\WINDOWS\system32\d3d9.dll
0x000007ff72c90000 - 0x000007ff72c96000 	C:\WINDOWS\system32\d3d8thk.dll
0x000007ff7fbf0000 - 0x000007ff7fbfb000 	C:\WINDOWS\system32\VERSION.dll
0x000000004c420000 - 0x000000004c50a000 	C:\WINDOWS\system32\msvcp60.dll
0x0000000068000000 - 0x000000006804c000 	C:\WINDOWS\system32\rsaenh.dll
0x000007ff7c680000 - 0x000007ff7c78a000 	C:\WINDOWS\system32\USERENV.dll
0x000007ff77370000 - 0x000007ff77409000 	C:\WINDOWS\system32\netapi32.dll
0x000007ff771b0000 - 0x000007ff7722d000 	C:\WINDOWS\System32\mswsock.dll
0x000007ff7e8f0000 - 0x000007ff7e93e000 	C:\WINDOWS\system32\DNSAPI.dll
0x000007ff7e9f0000 - 0x000007ff7e9fb000 	C:\WINDOWS\System32\winrnr.dll
0x000007ff7e950000 - 0x000007ff7e9b6000 	C:\WINDOWS\system32\WLDAP32.dll
0x000007ff7ea00000 - 0x000007ff7ea07000 	C:\WINDOWS\system32\rasadhlp.dll
0x000007ff6d200000 - 0x000007ff6d293000 	C:\WINDOWS\system32\hnetcfg.dll
0x000007ff77170000 - 0x000007ff7717b000 	C:\WINDOWS\System32\wshtcpip.dll
0x000000006d5e0000 - 0x000000006d5ea000 	C:\Program Files\Java\jdk1.6.0_18\jre\bin\management.dll
0x000000006d740000 - 0x000000006d746000 	C:\Program Files\Java\jdk1.6.0_18\jre\bin\rmi.dll
0x000007ff7dac0000 - 0x000007ff7dc38000 	C:\WINDOWS\system32\SETUPAPI.dll
0x000007ff7ea10000 - 0x000007ff7eaee000 	C:\WINDOWS\system32\CLBCatQ.DLL
0x000007ff7ebc0000 - 0x000007ff7ecd6000 	C:\WINDOWS\system32\OLEAUT32.dll
0x000007ff7eaf0000 - 0x000007ff7ebb6000 	C:\WINDOWS\system32\COMRes.dll
0x000000004f940000 - 0x000000004f95c000 	C:\Documents and Settings\ervikm\Application Data\Dropbox\bin\DropboxExt64.13.dll
0x000007ff724e0000 - 0x000007ff7261e000 	C:\WINDOWS\system32\dbghelp.dll
0x000007ff7da40000 - 0x000007ff7dab3000 	C:\WINDOWS\System32\cscui.dll
0x000007ff7da10000 - 0x000007ff7da3c000 	C:\WINDOWS\System32\CSCDLL.dll
0x000000004fa60000 - 0x000000004fa7b000 	C:\Program Files\Common Files\TortoiseOverlays\TortoiseOverlays.dll
0x0000000180000000 - 0x0000000180078000 	C:\Program Files\TortoiseHg\THgShell.dll
0x000000004fd20000 - 0x000000004ffe7000 	C:\WINDOWS\system32\xpsp2res.dll
0x0000000058400000 - 0x00000000584cf000 	C:\Program Files (x86)\OpenOffice.org 3\Basis\program\shlxthdl\shlxthdl_x64.dll
0x000007ff76470000 - 0x000007ff7668c000 	C:\WINDOWS\WinSxS\amd64_Microsoft.Windows.GdiPlus_6595b64144ccf1df_1.0.6001.22319_x-ww_22BEA8BF\gdiplus.dll
0x0000000078620000 - 0x00000000786bd000 	C:\WINDOWS\WinSxS\amd64_Microsoft.VC90.CRT_1fc8b3b9a1e18e3b_9.0.21022.8_x-ww_0296E955\MSVCR90.dll
0x0000000078520000 - 0x00000000785f3000 	C:\WINDOWS\WinSxS\amd64_Microsoft.VC90.CRT_1fc8b3b9a1e18e3b_9.0.21022.8_x-ww_0296E955\MSVCP90.dll
0x000007ff772d0000 - 0x000007ff772f1000 	C:\WINDOWS\system32\MPR.dll
0x000007ff7ccc0000 - 0x000007ff7ccca000 	C:\WINDOWS\System32\drprov.dll
0x000007ff649f0000 - 0x000007ff64a06000 	C:\WINDOWS\System32\ntlanman.dll
0x000007ff65140000 - 0x000007ff65164000 	C:\WINDOWS\System32\NETUI0.dll
0x000007ff650e0000 - 0x000007ff65138000 	C:\WINDOWS\System32\NETUI1.dll
0x000007ff77150000 - 0x000007ff77166000 	C:\WINDOWS\System32\SAMLIB.dll
0x000007ff7ceb0000 - 0x000007ff7cebd000 	C:\WINDOWS\System32\davclnt.dll
0x0000000050100000 - 0x00000000503ae000 	C:\WINDOWS\system32\wpdshext.dll
0x00000000503b0000 - 0x000000005040b000 	C:\WINDOWS\system32\PortableDeviceApi.dll
0x000007ff7e3e0000 - 0x000007ff7e430000 	C:\WINDOWS\system32\WINTRUST.dll
0x000007ff7d370000 - 0x000007ff7d4cf000 	C:\WINDOWS\system32\CRYPT32.dll
0x000007ff7d340000 - 0x000007ff7d36c000 	C:\WINDOWS\system32\MSASN1.dll
0x000007ff7e470000 - 0x000007ff7e483000 	C:\WINDOWS\system32\imagehlp.dll
0x000007ff796c0000 - 0x000007ff796da000 	C:\WINDOWS\system32\shgina.dll
0x000007ff7c540000 - 0x000007ff7c667000 	C:\WINDOWS\system32\MSGINA.dll
0x000007ff7d4d0000 - 0x000007ff7d4ea000 	C:\WINDOWS\system32\WINSTA.dll
0x000007ff5ddf0000 - 0x000007ff5deb5000 	C:\WINDOWS\system32\wiashext.dll
0x000007ff4b220000 - 0x000007ff4b340000 	C:\WINDOWS\system32\WININET.dll
0x0000000050510000 - 0x000000005051a000 	C:\WINDOWS\system32\Normaliz.dll
0x000007ff4b350000 - 0x000007ff4b4c7000 	C:\WINDOWS\system32\urlmon.dll
0x000007ff4bdb0000 - 0x000007ff4bff0000 	C:\WINDOWS\system32\iertutil.dll
0x000007ff79570000 - 0x000007ff7959e000 	C:\WINDOWS\system32\sti.dll
0x000007ff7a990000 - 0x000007ff7a999000 	C:\WINDOWS\system32\CFGMGR32.dll
0x000007ff7df70000 - 0x000007ff7df7c000 	C:\WINDOWS\system32\LINKINFO.dll
0x000007ff7df80000 - 0x000007ff7dfb1000 	C:\WINDOWS\system32\ntshrui.dll

VM Arguments:
jvm_args: -Dfile.encoding=UTF-8 -Xms128m -Xmx1024m 
java_command: canreg.client.CanRegClientApp
Launcher Type: SUN_STANDARD

Environment Variables:
CLASSPATH=.;C:\Program Files (x86)\Java\jre6\lib\ext\QTJava.zip
PATH=C:\Python26\Lib\site-packages\PyQt4\bin;C:\Program Files (x86)\MiKTeX 2.8\miktex\bin;C:\WINDOWS\system32;C:\WINDOWS;C:\WINDOWS\System32\Wbem;c:\Program Files (x86)\Common Files\Roxio Shared\DLLShared\;c:\Program Files (x86)\Common Files\Roxio Shared\10.0\DLLShared\;C:\Program Files (x86)\ZipGenius 6\;C:\Program Files (x86)\Mercurial;C:\Program Files\TortoiseHg;C:\cygwin\bin;C:\Program Files (x86)\ImageConverter Plus;C:\Program Files (x86)\ImageConverter Plus\Microsoft.VC90.CRT;C:\Program Files (x86)\ImageConverter Plus\Microsoft.VC90.MFC;C:\Program Files (x86)\QuickTime\QTSystem\
USERNAME=ervikm
OS=Windows_NT
PROCESSOR_IDENTIFIER=EM64T Family 6 Model 26 Stepping 5, GenuineIntel



---------------  S Y S T E M  ---------------

OS: Windows Server 2003 family Build 3790 Service Pack 2

CPU:total 2 (8 cores per cpu, 2 threads per core) family 6 model 26 stepping 5, cmov, cx8, fxsr, mmx, sse, sse2, sse3, ssse3, sse4.1, sse4.2, popcnt, ht

Memory: 4k page, physical 3143048k(282752k free), swap 5046520k(2332416k free)

vm_info: Java HotSpot(TM) 64-Bit Server VM (16.0-b13) for windows-amd64 JRE (1.6.0_18-b07), built on Dec 17 2009 13:24:11 by "java_re" with MS VC++ 8.0 (VS2005)

time: Tue Nov 09 12:01:16 2010
elapsed time: 3073 seconds

